<?xml version="1.0" encoding="UTF-8"?>
<!-- Generated by org.testng.reporters.JUnitReportReporter -->
<testsuite skipped="0" hostname="ECF210MAC-016.local" name="CheckURLs.HTTPClient" tests="1" failures="0" timestamp="04 Jul 2018 04:53:57 GMT" time="38.959" errors="0">
  <testcase name="checkURL" time="38.959" classname="CheckURLs.HTTPClient"/>
</testsuite> <!-- CheckURLs.HTTPClient -->
