<?xml version="1.0" encoding="UTF-8"?>
<!-- Generated by org.testng.reporters.JUnitReportReporter -->
<testsuite skipped="0" hostname="ECF210MAC-016.local" name="CaptureObjects.ObjectList.GetObjectsTest" tests="1" failures="0" timestamp="03 Jul 2018 03:48:37 GMT" time="45.701" errors="0">
  <testcase name="Objtest" time="45.701" classname="CaptureObjects.ObjectList.GetObjectsTest"/>
</testsuite> <!-- CaptureObjects.ObjectList.GetObjectsTest -->
