<?xml version="1.0" encoding="UTF-8"?>
<!-- Generated by org.testng.reporters.JUnitReportReporter -->
<testsuite skipped="0" hostname="ECF210MAC-016.local" name="CaptureObjects.ObjectList.CheckURLsTest" tests="1" failures="0" timestamp="03 Jul 2018 22:51:16 GMT" time="8.822" errors="0">
  <testcase name="checkURL" time="8.822" classname="CaptureObjects.ObjectList.CheckURLsTest"/>
</testsuite> <!-- CaptureObjects.ObjectList.CheckURLsTest -->
