<?xml version="1.0" encoding="UTF-8"?>
<!-- Generated by org.testng.reporters.JUnitReportReporter -->
<testsuite skipped="0" hostname="ECF210MAC-016.local" name="CaptureObjects.ObjectList.HTTPClient" tests="1" failures="0" timestamp="04 Jul 2018 04:38:11 GMT" time="33.474" errors="0">
  <testcase name="checkURL" time="33.474" classname="CaptureObjects.ObjectList.HTTPClient"/>
</testsuite> <!-- CaptureObjects.ObjectList.HTTPClient -->
